{"/home/marcelo/dev/pixelartcanvas/src/index.tsx": {"path":"/home/marcelo/dev/pixelartcanvas/src/index.tsx","statementMap":{"0":{"start":{"line":17,"column":16},"end":{"line":22,"column":1}},"1":{"start":{"line":20,"column":22},"end":{"line":20,"column":33}},"2":{"start":{"line":21,"column":23},"end":{"line":21,"column":35}},"3":{"start":{"line":24,"column":23},"end":{"line":56,"column":1}},"4":{"start":{"line":31,"column":20},"end":{"line":31,"column":58}},"5":{"start":{"line":34,"column":2},"end":{"line":43,"column":18}},"6":{"start":{"line":35,"column":4},"end":{"line":38,"column":7}},"7":{"start":{"line":40,"column":4},"end":{"line":42,"column":5}},"8":{"start":{"line":41,"column":6},"end":{"line":41,"column":38}},"9":{"start":{"line":45,"column":2},"end":{"line":47,"column":18}},"10":{"start":{"line":46,"column":4},"end":{"line":46,"column":40}},"11":{"start":{"line":49,"column":2},"end":{"line":55,"column":13}},"12":{"start":{"line":58,"column":0},"end":{"line":62,"column":2}}},"fnMap":{"0":{"name":"(anonymous_0)","decl":{"start":{"line":20,"column":11},"end":{"line":20,"column":12}},"loc":{"start":{"line":20,"column":22},"end":{"line":20,"column":33}},"line":20},"1":{"name":"(anonymous_1)","decl":{"start":{"line":21,"column":12},"end":{"line":21,"column":13}},"loc":{"start":{"line":21,"column":23},"end":{"line":21,"column":35}},"line":21},"2":{"name":"(anonymous_2)","decl":{"start":{"line":24,"column":23},"end":{"line":24,"column":24}},"loc":{"start":{"line":30,"column":27},"end":{"line":56,"column":1}},"line":30},"3":{"name":"(anonymous_3)","decl":{"start":{"line":34,"column":12},"end":{"line":34,"column":13}},"loc":{"start":{"line":34,"column":18},"end":{"line":43,"column":3}},"line":34},"4":{"name":"(anonymous_4)","decl":{"start":{"line":45,"column":12},"end":{"line":45,"column":13}},"loc":{"start":{"line":45,"column":18},"end":{"line":47,"column":3}},"line":45}},"branchMap":{"0":{"loc":{"start":{"line":40,"column":4},"end":{"line":42,"column":5}},"type":"if","locations":[{"start":{"line":40,"column":4},"end":{"line":42,"column":5}},{"start":{},"end":{}}],"line":40}},"s":{"0":1,"1":2,"2":2,"3":1,"4":2,"5":2,"6":2,"7":2,"8":1,"9":2,"10":2,"11":2,"12":1},"f":{"0":2,"1":2,"2":2,"3":2,"4":2},"b":{"0":[1,1]},"_coverageSchema":"1a1c01bbd47fc00a2c39e90264f33305004495a9","hash":"91f3e61e3b9a7b25e7c46af94fc52937339775c1"}
,"/home/marcelo/dev/pixelartcanvas/src/functions/CanvasBuilder.ts": {"path":"/home/marcelo/dev/pixelartcanvas/src/functions/CanvasBuilder.ts","statementMap":{"0":{"start":{"line":21,"column":26},"end":{"line":21,"column":56}},"1":{"start":{"line":24,"column":4},"end":{"line":24,"column":31}},"2":{"start":{"line":28,"column":4},"end":{"line":28,"column":21}},"3":{"start":{"line":32,"column":4},"end":{"line":32,"column":27}},"4":{"start":{"line":36,"column":4},"end":{"line":36,"column":23}},"5":{"start":{"line":40,"column":4},"end":{"line":40,"column":24}},"6":{"start":{"line":44,"column":4},"end":{"line":44,"column":34}},"7":{"start":{"line":48,"column":4},"end":{"line":48,"column":32}},"8":{"start":{"line":52,"column":4},"end":{"line":52,"column":31}},"9":{"start":{"line":56,"column":4},"end":{"line":56,"column":32}},"10":{"start":{"line":60,"column":4},"end":{"line":60,"column":44}},"11":{"start":{"line":64,"column":4},"end":{"line":64,"column":40}},"12":{"start":{"line":65,"column":4},"end":{"line":65,"column":53}},"13":{"start":{"line":66,"column":4},"end":{"line":66,"column":32}},"14":{"start":{"line":67,"column":4},"end":{"line":67,"column":55}},"15":{"start":{"line":69,"column":4},"end":{"line":69,"column":33}},"16":{"start":{"line":71,"column":4},"end":{"line":76,"column":7}},"17":{"start":{"line":73,"column":8},"end":{"line":73,"column":36}},"18":{"start":{"line":74,"column":8},"end":{"line":74,"column":22}},"19":{"start":{"line":78,"column":4},"end":{"line":100,"column":6}},"20":{"start":{"line":79,"column":6},"end":{"line":82,"column":7}},"21":{"start":{"line":80,"column":8},"end":{"line":81,"column":60}},"22":{"start":{"line":83,"column":21},"end":{"line":83,"column":44}},"23":{"start":{"line":84,"column":19},"end":{"line":84,"column":42}},"24":{"start":{"line":85,"column":19},"end":{"line":85,"column":41}},"25":{"start":{"line":86,"column":31},"end":{"line":89,"column":7}},"26":{"start":{"line":91,"column":6},"end":{"line":99,"column":7}},"27":{"start":{"line":95,"column":8},"end":{"line":95,"column":40}},"28":{"start":{"line":97,"column":8},"end":{"line":97,"column":47}},"29":{"start":{"line":98,"column":8},"end":{"line":98,"column":78}},"30":{"start":{"line":102,"column":4},"end":{"line":102,"column":72}},"31":{"start":{"line":106,"column":19},"end":{"line":106,"column":60}},"32":{"start":{"line":107,"column":20},"end":{"line":107,"column":62}},"33":{"start":{"line":108,"column":4},"end":{"line":108,"column":48}},"34":{"start":{"line":109,"column":4},"end":{"line":109,"column":50}},"35":{"start":{"line":111,"column":4},"end":{"line":111,"column":39}},"36":{"start":{"line":112,"column":4},"end":{"line":112,"column":41}},"37":{"start":{"line":114,"column":4},"end":{"line":114,"column":59}},"38":{"start":{"line":115,"column":4},"end":{"line":115,"column":58}},"39":{"start":{"line":119,"column":4},"end":{"line":119,"column":43}},"40":{"start":{"line":123,"column":4},"end":{"line":123,"column":62}},"41":{"start":{"line":127,"column":19},"end":{"line":127,"column":58}},"42":{"start":{"line":129,"column":4},"end":{"line":129,"column":47}},"43":{"start":{"line":130,"column":4},"end":{"line":130,"column":75}},"44":{"start":{"line":132,"column":4},"end":{"line":132,"column":47}},"45":{"start":{"line":133,"column":4},"end":{"line":138,"column":6}},"46":{"start":{"line":139,"column":4},"end":{"line":139,"column":34}},"47":{"start":{"line":143,"column":19},"end":{"line":143,"column":58}},"48":{"start":{"line":144,"column":18},"end":{"line":144,"column":63}},"49":{"start":{"line":145,"column":4},"end":{"line":145,"column":32}},"50":{"start":{"line":146,"column":4},"end":{"line":146,"column":63}},"51":{"start":{"line":150,"column":21},"end":{"line":150,"column":29}},"52":{"start":{"line":151,"column":21},"end":{"line":151,"column":29}},"53":{"start":{"line":152,"column":23},"end":{"line":152,"column":33}},"54":{"start":{"line":153,"column":23},"end":{"line":153,"column":33}},"55":{"start":{"line":155,"column":4},"end":{"line":155,"column":34}},"56":{"start":{"line":157,"column":4},"end":{"line":159,"column":5}},"57":{"start":{"line":158,"column":6},"end":{"line":158,"column":40}},"58":{"start":{"line":160,"column":4},"end":{"line":162,"column":5}},"59":{"start":{"line":161,"column":6},"end":{"line":161,"column":40}},"60":{"start":{"line":164,"column":4},"end":{"line":172,"column":5}},"61":{"start":{"line":165,"column":6},"end":{"line":165,"column":40}},"62":{"start":{"line":166,"column":6},"end":{"line":168,"column":7}},"63":{"start":{"line":167,"column":8},"end":{"line":167,"column":46}},"64":{"start":{"line":169,"column":6},"end":{"line":171,"column":7}},"65":{"start":{"line":170,"column":8},"end":{"line":170,"column":46}},"66":{"start":{"line":174,"column":4},"end":{"line":182,"column":5}},"67":{"start":{"line":175,"column":6},"end":{"line":175,"column":40}},"68":{"start":{"line":176,"column":6},"end":{"line":178,"column":7}},"69":{"start":{"line":177,"column":8},"end":{"line":177,"column":46}},"70":{"start":{"line":179,"column":6},"end":{"line":181,"column":7}},"71":{"start":{"line":180,"column":8},"end":{"line":180,"column":46}},"72":{"start":{"line":186,"column":4},"end":{"line":190,"column":5}},"73":{"start":{"line":186,"column":17},"end":{"line":186,"column":18}},"74":{"start":{"line":187,"column":6},"end":{"line":189,"column":7}},"75":{"start":{"line":187,"column":19},"end":{"line":187,"column":20}},"76":{"start":{"line":188,"column":8},"end":{"line":188,"column":30}}},"fnMap":{"0":{"name":"(anonymous_0)","decl":{"start":{"line":23,"column":2},"end":{"line":23,"column":3}},"loc":{"start":{"line":23,"column":41},"end":{"line":25,"column":3}},"line":23},"1":{"name":"(anonymous_1)","decl":{"start":{"line":27,"column":2},"end":{"line":27,"column":3}},"loc":{"start":{"line":27,"column":37},"end":{"line":29,"column":3}},"line":27},"2":{"name":"(anonymous_2)","decl":{"start":{"line":31,"column":2},"end":{"line":31,"column":3}},"loc":{"start":{"line":31,"column":26},"end":{"line":33,"column":3}},"line":31},"3":{"name":"(anonymous_3)","decl":{"start":{"line":35,"column":2},"end":{"line":35,"column":3}},"loc":{"start":{"line":35,"column":22},"end":{"line":37,"column":3}},"line":35},"4":{"name":"(anonymous_4)","decl":{"start":{"line":39,"column":2},"end":{"line":39,"column":3}},"loc":{"start":{"line":39,"column":23},"end":{"line":41,"column":3}},"line":39},"5":{"name":"(anonymous_5)","decl":{"start":{"line":43,"column":2},"end":{"line":43,"column":3}},"loc":{"start":{"line":43,"column":33},"end":{"line":45,"column":3}},"line":43},"6":{"name":"(anonymous_6)","decl":{"start":{"line":47,"column":2},"end":{"line":47,"column":3}},"loc":{"start":{"line":47,"column":31},"end":{"line":49,"column":3}},"line":47},"7":{"name":"(anonymous_7)","decl":{"start":{"line":51,"column":2},"end":{"line":51,"column":3}},"loc":{"start":{"line":51,"column":32},"end":{"line":53,"column":3}},"line":51},"8":{"name":"(anonymous_8)","decl":{"start":{"line":55,"column":2},"end":{"line":55,"column":3}},"loc":{"start":{"line":55,"column":23},"end":{"line":57,"column":3}},"line":55},"9":{"name":"(anonymous_9)","decl":{"start":{"line":59,"column":2},"end":{"line":59,"column":3}},"loc":{"start":{"line":59,"column":37},"end":{"line":61,"column":3}},"line":59},"10":{"name":"(anonymous_10)","decl":{"start":{"line":63,"column":2},"end":{"line":63,"column":3}},"loc":{"start":{"line":63,"column":62},"end":{"line":103,"column":3}},"line":63},"11":{"name":"(anonymous_11)","decl":{"start":{"line":72,"column":12},"end":{"line":72,"column":13}},"loc":{"start":{"line":72,"column":27},"end":{"line":75,"column":7}},"line":72},"12":{"name":"(anonymous_12)","decl":{"start":{"line":78,"column":27},"end":{"line":78,"column":28}},"loc":{"start":{"line":78,"column":46},"end":{"line":100,"column":5}},"line":78},"13":{"name":"(anonymous_13)","decl":{"start":{"line":185,"column":2},"end":{"line":185,"column":3}},"loc":{"start":{"line":185,"column":11},"end":{"line":191,"column":3}},"line":185}},"branchMap":{"0":{"loc":{"start":{"line":79,"column":6},"end":{"line":82,"column":7}},"type":"if","locations":[{"start":{"line":79,"column":6},"end":{"line":82,"column":7}},{"start":{},"end":{}}],"line":79},"1":{"loc":{"start":{"line":91,"column":6},"end":{"line":99,"column":7}},"type":"if","locations":[{"start":{"line":91,"column":6},"end":{"line":99,"column":7}},{"start":{"line":96,"column":13},"end":{"line":99,"column":7}}],"line":91},"2":{"loc":{"start":{"line":157,"column":4},"end":{"line":159,"column":5}},"type":"if","locations":[{"start":{"line":157,"column":4},"end":{"line":159,"column":5}},{"start":{},"end":{}}],"line":157},"3":{"loc":{"start":{"line":160,"column":4},"end":{"line":162,"column":5}},"type":"if","locations":[{"start":{"line":160,"column":4},"end":{"line":162,"column":5}},{"start":{},"end":{}}],"line":160},"4":{"loc":{"start":{"line":164,"column":4},"end":{"line":172,"column":5}},"type":"if","locations":[{"start":{"line":164,"column":4},"end":{"line":172,"column":5}},{"start":{},"end":{}}],"line":164},"5":{"loc":{"start":{"line":166,"column":6},"end":{"line":168,"column":7}},"type":"if","locations":[{"start":{"line":166,"column":6},"end":{"line":168,"column":7}},{"start":{},"end":{}}],"line":166},"6":{"loc":{"start":{"line":169,"column":6},"end":{"line":171,"column":7}},"type":"if","locations":[{"start":{"line":169,"column":6},"end":{"line":171,"column":7}},{"start":{},"end":{}}],"line":169},"7":{"loc":{"start":{"line":174,"column":4},"end":{"line":182,"column":5}},"type":"if","locations":[{"start":{"line":174,"column":4},"end":{"line":182,"column":5}},{"start":{},"end":{}}],"line":174},"8":{"loc":{"start":{"line":176,"column":6},"end":{"line":178,"column":7}},"type":"if","locations":[{"start":{"line":176,"column":6},"end":{"line":178,"column":7}},{"start":{},"end":{}}],"line":176},"9":{"loc":{"start":{"line":179,"column":6},"end":{"line":181,"column":7}},"type":"if","locations":[{"start":{"line":179,"column":6},"end":{"line":181,"column":7}},{"start":{},"end":{}}],"line":179}},"s":{"0":1,"1":1,"2":1,"3":1,"4":1,"5":1,"6":1,"7":1,"8":3,"9":0,"10":1,"11":1,"12":1,"13":1,"14":1,"15":1,"16":1,"17":1,"18":1,"19":1,"20":3,"21":2,"22":3,"23":3,"24":3,"25":3,"26":3,"27":1,"28":2,"29":2,"30":1,"31":1,"32":1,"33":1,"34":1,"35":1,"36":1,"37":1,"38":1,"39":35,"40":37,"41":2,"42":2,"43":2,"44":2,"45":2,"46":2,"47":35,"48":35,"49":35,"50":35,"51":2,"52":2,"53":2,"54":2,"55":2,"56":2,"57":1,"58":2,"59":1,"60":2,"61":1,"62":1,"63":1,"64":1,"65":0,"66":2,"67":1,"68":1,"69":0,"70":1,"71":1,"72":1,"73":1,"74":5,"75":5,"76":25},"f":{"0":1,"1":1,"2":1,"3":1,"4":1,"5":1,"6":1,"7":3,"8":0,"9":1,"10":1,"11":1,"12":3,"13":1},"b":{"0":[2,1],"1":[1,2],"2":[1,1],"3":[1,1],"4":[1,1],"5":[1,0],"6":[0,1],"7":[1,1],"8":[0,1],"9":[1,0]},"_coverageSchema":"1a1c01bbd47fc00a2c39e90264f33305004495a9","hash":"cc1394987013c3f083963ae4b3ffbdcf89d2fb3d"}
}
