{"/home/marcelo/dev/pixelartcanvas/src/index.tsx": {"path":"/home/marcelo/dev/pixelartcanvas/src/index.tsx","statementMap":{"0":{"start":{"line":16,"column":16},"end":{"line":21,"column":1}},"1":{"start":{"line":19,"column":22},"end":{"line":19,"column":33}},"2":{"start":{"line":20,"column":23},"end":{"line":20,"column":35}},"3":{"start":{"line":23,"column":23},"end":{"line":48,"column":1}},"4":{"start":{"line":29,"column":20},"end":{"line":29,"column":58}},"5":{"start":{"line":32,"column":2},"end":{"line":39,"column":18}},"6":{"start":{"line":33,"column":4},"end":{"line":36,"column":7}},"7":{"start":{"line":38,"column":4},"end":{"line":38,"column":40}},"8":{"start":{"line":41,"column":2},"end":{"line":47,"column":13}},"9":{"start":{"line":50,"column":0},"end":{"line":54,"column":2}}},"fnMap":{"0":{"name":"(anonymous_0)","decl":{"start":{"line":19,"column":11},"end":{"line":19,"column":12}},"loc":{"start":{"line":19,"column":22},"end":{"line":19,"column":33}},"line":19},"1":{"name":"(anonymous_1)","decl":{"start":{"line":20,"column":12},"end":{"line":20,"column":13}},"loc":{"start":{"line":20,"column":23},"end":{"line":20,"column":35}},"line":20},"2":{"name":"(anonymous_2)","decl":{"start":{"line":23,"column":23},"end":{"line":23,"column":24}},"loc":{"start":{"line":28,"column":27},"end":{"line":48,"column":1}},"line":28},"3":{"name":"(anonymous_3)","decl":{"start":{"line":32,"column":12},"end":{"line":32,"column":13}},"loc":{"start":{"line":32,"column":18},"end":{"line":39,"column":3}},"line":32}},"branchMap":{},"s":{"0":1,"1":2,"2":2,"3":1,"4":2,"5":2,"6":2,"7":2,"8":2,"9":1},"f":{"0":2,"1":2,"2":2,"3":2},"b":{},"_coverageSchema":"1a1c01bbd47fc00a2c39e90264f33305004495a9","hash":"01ab8a040bbf092d9d709ed27d4c1cc93f4db597"}
}
