TN:
SF:src/index.tsx
FN:20,(anonymous_0)
FN:21,(anonymous_1)
FN:24,(anonymous_2)
FN:34,(anonymous_3)
FN:45,(anonymous_4)
FNF:5
FNH:5
FNDA:2,(anonymous_0)
FNDA:2,(anonymous_1)
FNDA:2,(anonymous_2)
FNDA:2,(anonymous_3)
FNDA:2,(anonymous_4)
DA:17,1
DA:20,2
DA:21,2
DA:24,1
DA:31,2
DA:34,2
DA:35,2
DA:40,2
DA:41,1
DA:45,2
DA:46,2
DA:49,2
DA:58,1
LF:13
LH:13
BRDA:40,0,0,1
BRDA:40,0,1,1
BRF:2
BRH:2
end_of_record
TN:
SF:src/functions/CanvasBuilder.ts
FN:23,(anonymous_0)
FN:27,(anonymous_1)
FN:31,(anonymous_2)
FN:35,(anonymous_3)
FN:39,(anonymous_4)
FN:43,(anonymous_5)
FN:47,(anonymous_6)
FN:51,(anonymous_7)
FN:55,(anonymous_8)
FN:59,(anonymous_9)
FN:63,(anonymous_10)
FN:72,(anonymous_11)
FN:78,(anonymous_12)
FN:185,(anonymous_13)
FNF:14
FNH:13
FNDA:1,(anonymous_0)
FNDA:1,(anonymous_1)
FNDA:1,(anonymous_2)
FNDA:1,(anonymous_3)
FNDA:1,(anonymous_4)
FNDA:1,(anonymous_5)
FNDA:1,(anonymous_6)
FNDA:3,(anonymous_7)
FNDA:0,(anonymous_8)
FNDA:1,(anonymous_9)
FNDA:1,(anonymous_10)
FNDA:1,(anonymous_11)
FNDA:3,(anonymous_12)
FNDA:1,(anonymous_13)
DA:21,1
DA:24,1
DA:28,1
DA:32,1
DA:36,1
DA:40,1
DA:44,1
DA:48,1
DA:52,3
DA:56,0
DA:60,1
DA:64,1
DA:65,1
DA:66,1
DA:67,1
DA:69,1
DA:71,1
DA:73,1
DA:74,1
DA:78,1
DA:79,3
DA:80,2
DA:83,3
DA:84,3
DA:85,3
DA:86,3
DA:91,3
DA:95,1
DA:97,2
DA:98,2
DA:102,1
DA:106,1
DA:107,1
DA:108,1
DA:109,1
DA:111,1
DA:112,1
DA:114,1
DA:115,1
DA:119,35
DA:123,37
DA:127,2
DA:129,2
DA:130,2
DA:132,2
DA:133,2
DA:139,2
DA:143,35
DA:144,35
DA:145,35
DA:146,35
DA:150,2
DA:151,2
DA:152,2
DA:153,2
DA:155,2
DA:157,2
DA:158,1
DA:160,2
DA:161,1
DA:164,2
DA:165,1
DA:166,1
DA:167,1
DA:169,1
DA:170,0
DA:174,2
DA:175,1
DA:176,1
DA:177,0
DA:179,1
DA:180,1
DA:186,1
DA:187,5
DA:188,25
LF:75
LH:72
BRDA:79,0,0,2
BRDA:79,0,1,1
BRDA:91,1,0,1
BRDA:91,1,1,2
BRDA:157,2,0,1
BRDA:157,2,1,1
BRDA:160,3,0,1
BRDA:160,3,1,1
BRDA:164,4,0,1
BRDA:164,4,1,1
BRDA:166,5,0,1
BRDA:166,5,1,0
BRDA:169,6,0,0
BRDA:169,6,1,1
BRDA:174,7,0,1
BRDA:174,7,1,1
BRDA:176,8,0,0
BRDA:176,8,1,1
BRDA:179,9,0,1
BRDA:179,9,1,0
BRF:20
BRH:16
end_of_record
